1603807636733	geckodriver	INFO	Listening on 127.0.0.1:58778
1603807848936	geckodriver	INFO	Listening on 127.0.0.1:58922
1603807921292	geckodriver	INFO	Listening on 127.0.0.1:58951
1603807979831	geckodriver	INFO	Listening on 127.0.0.1:58977
1603808011251	geckodriver	INFO	Listening on 127.0.0.1:58993
1603808359786	geckodriver	INFO	Listening on 127.0.0.1:59161
1603808396795	geckodriver	INFO	Listening on 127.0.0.1:59177
1603810668569	geckodriver	INFO	Listening on 127.0.0.1:52055
1603811118124	geckodriver	INFO	Listening on 127.0.0.1:52427
1603811121123	mozrunner::runner	INFO	Running command: "C:\\Program Files\\Mozilla Firefox\\firefox.exe" "--marionette" "-foreground" "-no-remote" "-profile" "C:\\Users\\19693\\AppData\\Local\\Temp\\rust_mozprofileMtj84H"
Can't find symbol 'eglSwapBuffersWithDamageEXT'.
JavaScript error: resource://gre/modules/XULStore.jsm, line 66: Error: Can't find profile directory.
console.warn: SearchSettings: "get: No settings file exists, new profile?" (new Error("", "(unknown module)"))
1603811140619	Marionette	INFO	Listening on port 52435
1603811141358	Marionette	WARN	TLS certificate errors will be ignored for this session
1603811323782	Marionette	INFO	Stopped listening on port 52435

###!!! [Child][RunMessage] Error: Channel closing: too late to send/recv, messages will be lost


###!!! [Child][MessageChannel::SendAndWait] Error: Channel error: cannot send/recv

1603811470099	geckodriver	INFO	Listening on 127.0.0.1:52886
1603811473156	mozrunner::runner	INFO	Running command: "C:\\Program Files\\Mozilla Firefox\\firefox.exe" "--marionette" "--headless" "--disable-gpu" "-foreground" "-no-remote" "-profile" "C:\\Users\\19693\\AppData\\Local\\Temp\\rust_mozprofileuoZ2Ru"
*** You are running in headless mode.
JavaScript error: resource://gre/modules/XULStore.jsm, line 66: Error: Can't find profile directory.
console.warn: SearchSettings: "get: No settings file exists, new profile?" (new Error("", "(unknown module)"))
1603811477743	Marionette	INFO	Listening on port 52894
1603811477905	Marionette	WARN	TLS certificate errors will be ignored for this session
JavaScript error: , line 0: NS_ERROR_NOT_AVAILABLE
1:52944
1603811502102	mozrunner::runner	INFO	Running command: "C:\\Program Files\\Mozilla Firefox\\firefox.exe" "--marionette" "--headless" "--disable-gpu" "-foreground" "-no-remote" "-profile" "C:\\Users\\19693\\AppData\\Local\\Temp\\rust_mozprofileTx4hy9"
*** You are running in headless mode.
JavaScript error: resource://gre/modules/XULStore.jsm, line 66: Error: Can't find profile directory.console.warn: SearchSettings: "get: No settings file exists, new profile?" (new Error("", "(unknown module)"))

1603811507853	Marionette	INFO	Listening on port 52952
1603811508351	Marionette	WARN	TLS certificate errors will be ignored for this session
console.error: Region.jsm: "Error fetching region" (new AbortError("The operation was aborted. ", (void 0), 697))
console.error: Region.jsm: "Failed to fetch region" (new Error("NO_RESULT", "resource://gre/modules/Region.jsm", 351))
console.error: services.settings: 
  Message: TypeError: NetworkError when attempting to fetch resource.
JavaScript error: , line 0: NS_ERROR_NOT_AVAILABLE
exe" "--marionette" "--headless" "--disable-gpu" "-foreground" "-no-remote" "-profile" "C:\\Users\\19693\\AppData\\Local\\Temp\\rust_mozprofileUVWTlQ"
*** You are running in headless mode.
JavaScript error: resource://gre/modules/XULStore.jsm, line 66: Error: Can't find profile directory.
console.warn: SearchSettings: "get: No settings file exists, new profile?" (new Error("", "(unknown module)"))
1603811562052	Marionette	INFO	Listening on port 53048
1603811562194	Marionette	WARN	TLS certificate errors will be ignored for this session
console.error: Region.jsm: "Error fetching region" (new AbortError("The operation was aborted. ", (void 0), 697))
console.error: Region.jsm: "Failed to fetch region" (new Error("NO_RESULT", "resource://gre/modules/Region.jsm", 351))
JavaScript warning: https://static.ws.126.net/common/libs/jquery/1.10.2/jquery.min.js, line 2: Using //@ to indicate sourceMappingURL pragmas is deprecated. Use //# instead
JavaScript error: resource://gre/actors/PictureInPictureChild.jsm, line 150: InvalidStateError: An attempt was made to use an object that is not, or is no longer, usable
JavaScript error: https://yt-adp.ws.126.net/myzhang/test/nadScreenFloat2011_1.js, line 50: TypeError: document.getElementById(...) is null
JavaScript error: , line 0: NS_ERROR_NOT_AVAILABLE
Exiting due to channel error.
::runner	INFO	Running command: "C:\\Program Files\\Mozilla Firefox\\firefox.exe" "--marionette" "--headless" "--disable-gpu" "-foreground" "-no-remote" "-profile" "C:\\Users\\19693\\AppData\\Local\\Temp\\rust_mozprofileAJPf51"
*** You are running in headless mode.
JavaScript error: resource://gre/modules/XULStore.jsm, line 66: Error: Can't find profile directory.
console.warn: SearchSettings: "get: No settings file exists, new profile?" (new Error("", "(unknown module)"))
1603811661762	Marionette	INFO	Listening on port 53300
1603811661836	Marionette	WARN	TLS certificate errors will be ignored for this session
console.error: Region.jsm: "Error fetching region" (new AbortError("The operation was aborted. ", (void 0), 697))
console.error: Region.jsm: "Failed to fetch region" (new Error("NO_RESULT", "resource://gre/modules/Region.jsm", 351))
JavaScript warning: https://static.ws.126.net/common/libs/jquery/1.10.2/jquery.min.js, line 2: Using //@ to indicate sourceMappingURL pragmas is deprecated. Use //# instead
JavaScript error: resource://gre/actors/PictureInPictureChild.jsm, line 150: InvalidStateError: An attempt was made to use an object that is not, or is no longer, usable
JavaScript error: https://yt-adp.ws.126.net/myzhang/test/nadScreenFloat2011_1.js, line 50: TypeError: document.getElementById(...) is null
JavaScript error: , line 0: NS_ERROR_NOT_AVAILABLE
1:53549
1603811729452	mozrunner::runner	INFO	Running command: "C:\\Program Files\\Mozilla Firefox\\firefox.exe" "--marionette" "--headless" "--disable-gpu" "-foreground" "-no-remote" "-profile" "C:\\Users\\19693\\AppData\\Local\\Temp\\rust_mozprofile66EJTZ"
*** You are running in headless mode.
console.warn: SearchSettings: "get: No settings file exists, new profile?" (new Error("", "(unknown module)"))
JavaScript error: resource://gre/modules/XULStore.jsm, line 66: Error: Can't find profile directory.
1603811734337	Marionette	INFO	Listening on port 53562
1603811734711	Marionette	WARN	TLS certificate errors will be ignored for this session
JavaScript warning: https://static.ws.126.net/common/libs/jquery/1.10.2/jquery.min.js, line 2: Using //@ to indicate sourceMappingURL pragmas is deprecated. Use //# instead
JavaScript error: resource://gre/actors/PictureInPictureChild.jsm, line 150: InvalidStateError: An attempt was made to use an object that is not, or is no longer, usable
JavaScript error: https://yt-adp.ws.126.net/myzhang/test/nadScreenFloat2011_1.js, line 50: TypeError: document.getElementById(...) is null
JavaScript error: , line 0: NS_ERROR_NOT_AVAILABLE
1:53965
1603811963232	mozrunner::runner	INFO	Running command: "C:\\Program Files\\Mozilla Firefox\\firefox.exe" "--marionette" "--headless" "--disable-gpu" "-foreground" "-no-remote" "-profile" "C:\\Users\\19693\\AppData\\Local\\Temp\\rust_mozprofileOyNCfv"
*** You are running in headless mode.
JavaScript error: resource://gre/modules/XULStore.jsm, line 66: Error: Can't find profile directory.
console.warn: SearchSettings: "get: No settings file exists, new profile?" (new Error("", "(unknown module)"))
1603811967646	Marionette	INFO	Listening on port 53973
1603811967980	Marionette	WARN	TLS certificate errors will be ignored for this session
JavaScript warning: https://static.ws.126.net/common/libs/jquery/1.10.2/jquery.min.js, line 2: Using //@ to indicate sourceMappingURL pragmas is deprecated. Use //# instead
console.error: Region.jsm: "Error fetching region" (new AbortError("The operation was aborted. ", (void 0), 697))
console.error: Region.jsm: "Failed to fetch region" (new Error("NO_RESULT", "resource://gre/modules/Region.jsm", 351))
JavaScript error: resource://gre/actors/PictureInPictureChild.jsm, line 150: InvalidStateError: An attempt was made to use an object that is not, or is no longer, usable
JavaScript error: https://yt-adp.ws.126.net/myzhang/test/nadScreenFloat2011_1.js, line 50: TypeError: document.getElementById(...) is null
JavaScript error: , line 0: NS_ERROR_NOT_AVAILABLE
1:54325
1603812140895	mozrunner::runner	INFO	Running command: "C:\\Program Files\\Mozilla Firefox\\firefox.exe" "--marionette" "--headless" "--disable-gpu" "-foreground" "-no-remote" "-profile" "C:\\Users\\19693\\AppData\\Local\\Temp\\rust_mozprofilexSMk21"
*** You are running in headless mode.
JavaScript error: resource://gre/modules/XULStore.jsm, line 66: Error: Can't find profile directory.
console.warn: SearchSettings: "get: No settings file exists, new profile?" (new Error("", "(unknown module)"))
1603812146102	Marionette	INFO	Listening on port 54333
1603812146140	Marionette	WARN	TLS certificate errors will be ignored for this session
JavaScript warning: https://static.ws.126.net/common/libs/jquery/1.10.2/jquery.min.js, line 2: Using //@ to indicate sourceMappingURL pragmas is deprecated. Use //# instead
JavaScript error: resource://gre/actors/PictureInPictureChild.jsm, line 150: InvalidStateError: An attempt was made to use an object that is not, or is no longer, usable
JavaScript error: https://yt-adp.ws.126.net/myzhang/test/nadScreenFloat2011_1.js, line 50: TypeError: document.getElementById(...) is null
JavaScript error: , line 0: NS_ERROR_NOT_AVAILABLE
1:54762
1603812686025	mozrunner::runner	INFO	Running command: "C:\\Program Files\\Mozilla Firefox\\firefox.exe" "--marionette" "--headless" "--disable-gpu" "-foreground" "-no-remote" "-profile" "C:\\Users\\19693\\AppData\\Local\\Temp\\rust_mozprofileZZh4W0"
*** You are running in headless mode.
JavaScript error: resource://gre/modules/XULStore.jsm, line 66: Error: Can't find profile directory.
console.warn: SearchSettings: "get: No settings file exists, new profile?" (new Error("", "(unknown module)"))
1603812692747	Marionette	INFO	Listening on port 54772
1603812693101	Marionette	WARN	TLS certificate errors will be ignored for this session
JavaScript warning: https://static.ws.126.net/common/libs/jquery/1.10.2/jquery.min.js, line 2: Using //@ to indicate sourceMappingURL pragmas is deprecated. Use //# instead
JavaScript error: resource://gre/actors/PictureInPictureChild.jsm, line 150: InvalidStateError: An attempt was made to use an object that is not, or is no longer, usable
JavaScript error: https://yt-adp.ws.126.net/myzhang/test/nadScreenFloat2011_1.js, line 50: TypeError: document.getElementById(...) is null
JavaScript error: , line 0: NS_ERROR_NOT_AVAILABLE
1:54978
1603812757274	mozrunner::runner	INFO	Running command: "C:\\Program Files\\Mozilla Firefox\\firefox.exe" "--marionette" "--headless" "--disable-gpu" "-foreground" "-no-remote" "-profile" "C:\\Users\\19693\\AppData\\Local\\Temp\\rust_mozprofile6tMCwR"
*** You are running in headless mode.
JavaScript error: resource://gre/modules/XULStore.jsm, line 66: Error: Can't find profile directory.
console.warn: SearchSettings: "get: No settings file exists, new profile?" (new Error("", "(unknown module)"))
1603812762075	Marionette	INFO	Listening on port 54988
1603812762522	Marionette	WARN	TLS certificate errors will be ignored for this session
JavaScript warning: https://static.ws.126.net/common/libs/jquery/1.10.2/jquery.min.js, line 2: Using //@ to indicate sourceMappingURL pragmas is deprecated. Use //# instead
JavaScript error: resource://gre/actors/PictureInPictureChild.jsm, line 150: InvalidStateError: An attempt was made to use an object that is not, or is no longer, usable
JavaScript error: https://yt-adp.ws.126.net/myzhang/test/nadScreenFloat2011_1.js, line 50: TypeError: document.getElementById(...) is null
JavaScript error: , line 0: NS_ERROR_NOT_AVAILABLE
